[33mStarting up http-server, serving [39m[36m./clientlibs[39m[33m
Available on:[39m
[32m  http:127.0.0.1:80[39m
[32m  http:192.241.249.26:80[39m
[32m  http:10.13.0.5:80[39m
Hit CTRL-C to stop the server
[Thu, 21 Jan 2016 12:45:25 GMT] "[36mGET[39m [36m/[39m" "Mozilla/5.0 (X11; Linux x86_64) AppleWebKit/537.36 (KHTML, like Gecko) Chrome/48.0.2564.79 Safari/537.36"
[Thu, 21 Jan 2016 12:45:25 GMT] "[36mGET[39m [36m/css/pace.css[39m" "Mozilla/5.0 (X11; Linux x86_64) AppleWebKit/537.36 (KHTML, like Gecko) Chrome/48.0.2564.79 Safari/537.36"
[Thu, 21 Jan 2016 12:45:25 GMT] "[36mGET[39m [36m/css/bootstrap.css[39m" "Mozilla/5.0 (X11; Linux x86_64) AppleWebKit/537.36 (KHTML, like Gecko) Chrome/48.0.2564.79 Safari/537.36"
[Thu, 21 Jan 2016 12:45:25 GMT] "[36mGET[39m [36m/css/style.css[39m" "Mozilla/5.0 (X11; Linux x86_64) AppleWebKit/537.36 (KHTML, like Gecko) Chrome/48.0.2564.79 Safari/537.36"
[Thu, 21 Jan 2016 12:45:25 GMT] "[36mGET[39m [36m/css/superslides.css[39m" "Mozilla/5.0 (X11; Linux x86_64) AppleWebKit/537.36 (KHTML, like Gecko) Chrome/48.0.2564.79 Safari/537.36"
[Thu, 21 Jan 2016 12:45:25 GMT] "[36mGET[39m [36m/css/countdown.css[39m" "Mozilla/5.0 (X11; Linux x86_64) AppleWebKit/537.36 (KHTML, like Gecko) Chrome/48.0.2564.79 Safari/537.36"
[Thu, 21 Jan 2016 12:45:25 GMT] "[36mGET[39m [36m/css/owl.carousel.css[39m" "Mozilla/5.0 (X11; Linux x86_64) AppleWebKit/537.36 (KHTML, like Gecko) Chrome/48.0.2564.79 Safari/537.36"
[Thu, 21 Jan 2016 12:45:25 GMT] "[36mGET[39m [36m/css/owl.theme.css[39m" "Mozilla/5.0 (X11; Linux x86_64) AppleWebKit/537.36 (KHTML, like Gecko) Chrome/48.0.2564.79 Safari/537.36"
[Thu, 21 Jan 2016 12:45:25 GMT] "[36mGET[39m [36m/css/jquery.fancybox.css[39m" "Mozilla/5.0 (X11; Linux x86_64) AppleWebKit/537.36 (KHTML, like Gecko) Chrome/48.0.2564.79 Safari/537.36"
[Thu, 21 Jan 2016 12:45:25 GMT] "[36mGET[39m [36m/js/pace.min.js[39m" "Mozilla/5.0 (X11; Linux x86_64) AppleWebKit/537.36 (KHTML, like Gecko) Chrome/48.0.2564.79 Safari/537.36"
[Thu, 21 Jan 2016 12:45:25 GMT] "[36mGET[39m [36m/js/modernizr.custom.97074.js[39m" "Mozilla/5.0 (X11; Linux x86_64) AppleWebKit/537.36 (KHTML, like Gecko) Chrome/48.0.2564.79 Safari/537.36"
[Thu, 21 Jan 2016 12:45:25 GMT] "[36mGET[39m [36m/js/jquery-1.10.2.min.js[39m" "Mozilla/5.0 (X11; Linux x86_64) AppleWebKit/537.36 (KHTML, like Gecko) Chrome/48.0.2564.79 Safari/537.36"
[Thu, 21 Jan 2016 12:45:25 GMT] "[36mGET[39m [36m/js/bootstrap.min.js[39m" "Mozilla/5.0 (X11; Linux x86_64) AppleWebKit/537.36 (KHTML, like Gecko) Chrome/48.0.2564.79 Safari/537.36"
[Thu, 21 Jan 2016 12:45:25 GMT] "[36mGET[39m [36m/js/retina-1.1.0.min.js[39m" "Mozilla/5.0 (X11; Linux x86_64) AppleWebKit/537.36 (KHTML, like Gecko) Chrome/48.0.2564.79 Safari/537.36"
[Thu, 21 Jan 2016 12:45:25 GMT] "[36mGET[39m [36m/js/jquery.easing.1.3.js[39m" "Mozilla/5.0 (X11; Linux x86_64) AppleWebKit/537.36 (KHTML, like Gecko) Chrome/48.0.2564.79 Safari/537.36"
[Thu, 21 Jan 2016 12:45:25 GMT] "[36mGET[39m [36m/js/jquery.animate-enhanced.min.js[39m" "Mozilla/5.0 (X11; Linux x86_64) AppleWebKit/537.36 (KHTML, like Gecko) Chrome/48.0.2564.79 Safari/537.36"
[Thu, 21 Jan 2016 12:45:25 GMT] "[36mGET[39m [36m/js/jquery.superslides.js[39m" "Mozilla/5.0 (X11; Linux x86_64) AppleWebKit/537.36 (KHTML, like Gecko) Chrome/48.0.2564.79 Safari/537.36"
[Thu, 21 Jan 2016 12:45:25 GMT] "[36mGET[39m [36m/js/jquery.plugin.min.js[39m" "Mozilla/5.0 (X11; Linux x86_64) AppleWebKit/537.36 (KHTML, like Gecko) Chrome/48.0.2564.79 Safari/537.36"
[Thu, 21 Jan 2016 12:45:25 GMT] "[36mGET[39m [36m/js/jquery.countdown.min.js[39m" "Mozilla/5.0 (X11; Linux x86_64) AppleWebKit/537.36 (KHTML, like Gecko) Chrome/48.0.2564.79 Safari/537.36"
[Thu, 21 Jan 2016 12:45:25 GMT] "[36mGET[39m [36m/js/jquery.scrolly.js[39m" "Mozilla/5.0 (X11; Linux x86_64) AppleWebKit/537.36 (KHTML, like Gecko) Chrome/48.0.2564.79 Safari/537.36"
[Thu, 21 Jan 2016 12:45:25 GMT] "[36mGET[39m [36m/js/jquery.countTo.js[39m" "Mozilla/5.0 (X11; Linux x86_64) AppleWebKit/537.36 (KHTML, like Gecko) Chrome/48.0.2564.79 Safari/537.36"
[Thu, 21 Jan 2016 12:45:25 GMT] "[36mGET[39m [36m/js/owl.carousel.js[39m" "Mozilla/5.0 (X11; Linux x86_64) AppleWebKit/537.36 (KHTML, like Gecko) Chrome/48.0.2564.79 Safari/537.36"
[Thu, 21 Jan 2016 12:45:25 GMT] "[36mGET[39m [36m/js/jquery.fancybox.js[39m" "Mozilla/5.0 (X11; Linux x86_64) AppleWebKit/537.36 (KHTML, like Gecko) Chrome/48.0.2564.79 Safari/537.36"
[Thu, 21 Jan 2016 12:45:25 GMT] "[36mGET[39m [36m/js/scrollReveal.js[39m" "Mozilla/5.0 (X11; Linux x86_64) AppleWebKit/537.36 (KHTML, like Gecko) Chrome/48.0.2564.79 Safari/537.36"
[Thu, 21 Jan 2016 12:45:25 GMT] "[36mGET[39m [36m/js/magic.js[39m" "Mozilla/5.0 (X11; Linux x86_64) AppleWebKit/537.36 (KHTML, like Gecko) Chrome/48.0.2564.79 Safari/537.36"
[Thu, 21 Jan 2016 12:45:25 GMT] "[36mGET[39m [36m/js/settings.js[39m" "Mozilla/5.0 (X11; Linux x86_64) AppleWebKit/537.36 (KHTML, like Gecko) Chrome/48.0.2564.79 Safari/537.36"
[Thu, 21 Jan 2016 12:45:25 GMT] "[36mGET[39m [36m/images/logo.png[39m" "Mozilla/5.0 (X11; Linux x86_64) AppleWebKit/537.36 (KHTML, like Gecko) Chrome/48.0.2564.79 Safari/537.36"
[Thu, 21 Jan 2016 12:45:25 GMT] "[36mGET[39m [36m/images/photos/profiles/matt-robbins.jpg[39m" "Mozilla/5.0 (X11; Linux x86_64) AppleWebKit/537.36 (KHTML, like Gecko) Chrome/48.0.2564.79 Safari/537.36"
[Thu, 21 Jan 2016 12:45:25 GMT] "[36mGET[39m [36m/images/photos/profiles/kelsey-larsen.jpg[39m" "Mozilla/5.0 (X11; Linux x86_64) AppleWebKit/537.36 (KHTML, like Gecko) Chrome/48.0.2564.79 Safari/537.36"
[Thu, 21 Jan 2016 12:45:25 GMT] "[36mGET[39m [36m/images/photos/hero/2014-06-07_20-37-51_00_0.jpg[39m" "Mozilla/5.0 (X11; Linux x86_64) AppleWebKit/537.36 (KHTML, like Gecko) Chrome/48.0.2564.79 Safari/537.36"
[Thu, 21 Jan 2016 12:45:25 GMT] "[36mGET[39m [36m/images/photos/hero/2014-06-05_16-29-34_00_0.jpg[39m" "Mozilla/5.0 (X11; Linux x86_64) AppleWebKit/537.36 (KHTML, like Gecko) Chrome/48.0.2564.79 Safari/537.36"
[Thu, 21 Jan 2016 12:45:25 GMT] "[36mGET[39m [36m/images/photos/hero/2015-08-15_20-00-24_01_0.jpg[39m" "Mozilla/5.0 (X11; Linux x86_64) AppleWebKit/537.36 (KHTML, like Gecko) Chrome/48.0.2564.79 Safari/537.36"
[Thu, 21 Jan 2016 12:45:25 GMT] "[36mGET[39m [36m/images/photos/love-story/weve-met.jpg[39m" "Mozilla/5.0 (X11; Linux x86_64) AppleWebKit/537.36 (KHTML, like Gecko) Chrome/48.0.2564.79 Safari/537.36"
[Thu, 21 Jan 2016 12:45:25 GMT] "[36mGET[39m [36m/images/photos/love-story/were-engaged.jpg[39m" "Mozilla/5.0 (X11; Linux x86_64) AppleWebKit/537.36 (KHTML, like Gecko) Chrome/48.0.2564.79 Safari/537.36"
[Thu, 21 Jan 2016 12:45:25 GMT] "[36mGET[39m [36m/images/photos/profiles/jim-betsy.jpg[39m" "Mozilla/5.0 (X11; Linux x86_64) AppleWebKit/537.36 (KHTML, like Gecko) Chrome/48.0.2564.79 Safari/537.36"
[Thu, 21 Jan 2016 12:45:25 GMT] "[36mGET[39m [36m/images/photos/events/normandy-church.jpg[39m" "Mozilla/5.0 (X11; Linux x86_64) AppleWebKit/537.36 (KHTML, like Gecko) Chrome/48.0.2564.79 Safari/537.36"
[Thu, 21 Jan 2016 12:45:25 GMT] "[36mGET[39m [36m/images/photos/accomodations/crowne-plaza.png[39m" "Mozilla/5.0 (X11; Linux x86_64) AppleWebKit/537.36 (KHTML, like Gecko) Chrome/48.0.2564.79 Safari/537.36"
[Thu, 21 Jan 2016 12:45:25 GMT] "[36mGET[39m [36m/images/photos/events/dayton-racquet-club.jpg[39m" "Mozilla/5.0 (X11; Linux x86_64) AppleWebKit/537.36 (KHTML, like Gecko) Chrome/48.0.2564.79 Safari/537.36"
[Thu, 21 Jan 2016 12:45:25 GMT] "[36mGET[39m [36m/images/photos/accomodations/airbnb.png[39m" "Mozilla/5.0 (X11; Linux x86_64) AppleWebKit/537.36 (KHTML, like Gecko) Chrome/48.0.2564.79 Safari/537.36"
[31mhttp-server stopped.[39m
[33mStarting up http-server, serving [39m[36m../clientlibs[39m[33m
Available on:[39m
[32m  http:127.0.0.1:80[39m
[32m  http:192.241.249.26:80[39m
[32m  http:10.13.0.5:80[39m
Hit CTRL-C to stop the server
[Thu, 21 Jan 2016 12:46:41 GMT] "[36mGET[39m [36m/[39m" "Mozilla/5.0 (X11; Linux x86_64) AppleWebKit/537.36 (KHTML, like Gecko) Chrome/48.0.2564.79 Safari/537.36"
[Thu, 21 Jan 2016 12:46:41 GMT] "[36mGET[39m [36m/css/pace.css[39m" "Mozilla/5.0 (X11; Linux x86_64) AppleWebKit/537.36 (KHTML, like Gecko) Chrome/48.0.2564.79 Safari/537.36"
[Thu, 21 Jan 2016 12:46:41 GMT] "[36mGET[39m [36m/css/bootstrap.css[39m" "Mozilla/5.0 (X11; Linux x86_64) AppleWebKit/537.36 (KHTML, like Gecko) Chrome/48.0.2564.79 Safari/537.36"
[Thu, 21 Jan 2016 12:46:41 GMT] "[36mGET[39m [36m/css/style.css[39m" "Mozilla/5.0 (X11; Linux x86_64) AppleWebKit/537.36 (KHTML, like Gecko) Chrome/48.0.2564.79 Safari/537.36"
[Thu, 21 Jan 2016 12:46:41 GMT] "[36mGET[39m [36m/css/superslides.css[39m" "Mozilla/5.0 (X11; Linux x86_64) AppleWebKit/537.36 (KHTML, like Gecko) Chrome/48.0.2564.79 Safari/537.36"
[Thu, 21 Jan 2016 12:46:41 GMT] "[36mGET[39m [36m/css/countdown.css[39m" "Mozilla/5.0 (X11; Linux x86_64) AppleWebKit/537.36 (KHTML, like Gecko) Chrome/48.0.2564.79 Safari/537.36"
[Thu, 21 Jan 2016 12:46:41 GMT] "[36mGET[39m [36m/css/owl.carousel.css[39m" "Mozilla/5.0 (X11; Linux x86_64) AppleWebKit/537.36 (KHTML, like Gecko) Chrome/48.0.2564.79 Safari/537.36"
[Thu, 21 Jan 2016 12:46:41 GMT] "[36mGET[39m [36m/css/owl.theme.css[39m" "Mozilla/5.0 (X11; Linux x86_64) AppleWebKit/537.36 (KHTML, like Gecko) Chrome/48.0.2564.79 Safari/537.36"
[Thu, 21 Jan 2016 12:46:41 GMT] "[36mGET[39m [36m/css/jquery.fancybox.css[39m" "Mozilla/5.0 (X11; Linux x86_64) AppleWebKit/537.36 (KHTML, like Gecko) Chrome/48.0.2564.79 Safari/537.36"
[Thu, 21 Jan 2016 12:46:41 GMT] "[36mGET[39m [36m/js/pace.min.js[39m" "Mozilla/5.0 (X11; Linux x86_64) AppleWebKit/537.36 (KHTML, like Gecko) Chrome/48.0.2564.79 Safari/537.36"
[Thu, 21 Jan 2016 12:46:41 GMT] "[36mGET[39m [36m/js/modernizr.custom.97074.js[39m" "Mozilla/5.0 (X11; Linux x86_64) AppleWebKit/537.36 (KHTML, like Gecko) Chrome/48.0.2564.79 Safari/537.36"
[Thu, 21 Jan 2016 12:46:41 GMT] "[36mGET[39m [36m/js/jquery-1.10.2.min.js[39m" "Mozilla/5.0 (X11; Linux x86_64) AppleWebKit/537.36 (KHTML, like Gecko) Chrome/48.0.2564.79 Safari/537.36"
[Thu, 21 Jan 2016 12:46:41 GMT] "[36mGET[39m [36m/js/bootstrap.min.js[39m" "Mozilla/5.0 (X11; Linux x86_64) AppleWebKit/537.36 (KHTML, like Gecko) Chrome/48.0.2564.79 Safari/537.36"
[Thu, 21 Jan 2016 12:46:41 GMT] "[36mGET[39m [36m/js/retina-1.1.0.min.js[39m" "Mozilla/5.0 (X11; Linux x86_64) AppleWebKit/537.36 (KHTML, like Gecko) Chrome/48.0.2564.79 Safari/537.36"
[Thu, 21 Jan 2016 12:46:41 GMT] "[36mGET[39m [36m/js/jquery.easing.1.3.js[39m" "Mozilla/5.0 (X11; Linux x86_64) AppleWebKit/537.36 (KHTML, like Gecko) Chrome/48.0.2564.79 Safari/537.36"
[Thu, 21 Jan 2016 12:46:41 GMT] "[36mGET[39m [36m/js/jquery.animate-enhanced.min.js[39m" "Mozilla/5.0 (X11; Linux x86_64) AppleWebKit/537.36 (KHTML, like Gecko) Chrome/48.0.2564.79 Safari/537.36"
[Thu, 21 Jan 2016 12:46:41 GMT] "[36mGET[39m [36m/js/jquery.superslides.js[39m" "Mozilla/5.0 (X11; Linux x86_64) AppleWebKit/537.36 (KHTML, like Gecko) Chrome/48.0.2564.79 Safari/537.36"
[Thu, 21 Jan 2016 12:46:41 GMT] "[36mGET[39m [36m/js/jquery.plugin.min.js[39m" "Mozilla/5.0 (X11; Linux x86_64) AppleWebKit/537.36 (KHTML, like Gecko) Chrome/48.0.2564.79 Safari/537.36"
[Thu, 21 Jan 2016 12:46:41 GMT] "[36mGET[39m [36m/js/jquery.countdown.min.js[39m" "Mozilla/5.0 (X11; Linux x86_64) AppleWebKit/537.36 (KHTML, like Gecko) Chrome/48.0.2564.79 Safari/537.36"
[Thu, 21 Jan 2016 12:46:41 GMT] "[36mGET[39m [36m/js/jquery.scrolly.js[39m" "Mozilla/5.0 (X11; Linux x86_64) AppleWebKit/537.36 (KHTML, like Gecko) Chrome/48.0.2564.79 Safari/537.36"
[Thu, 21 Jan 2016 12:46:41 GMT] "[36mGET[39m [36m/js/jquery.countTo.js[39m" "Mozilla/5.0 (X11; Linux x86_64) AppleWebKit/537.36 (KHTML, like Gecko) Chrome/48.0.2564.79 Safari/537.36"
[Thu, 21 Jan 2016 12:46:41 GMT] "[36mGET[39m [36m/js/owl.carousel.js[39m" "Mozilla/5.0 (X11; Linux x86_64) AppleWebKit/537.36 (KHTML, like Gecko) Chrome/48.0.2564.79 Safari/537.36"
[Thu, 21 Jan 2016 12:46:41 GMT] "[36mGET[39m [36m/js/jquery.fancybox.js[39m" "Mozilla/5.0 (X11; Linux x86_64) AppleWebKit/537.36 (KHTML, like Gecko) Chrome/48.0.2564.79 Safari/537.36"
[Thu, 21 Jan 2016 12:46:41 GMT] "[36mGET[39m [36m/js/magic.js[39m" "Mozilla/5.0 (X11; Linux x86_64) AppleWebKit/537.36 (KHTML, like Gecko) Chrome/48.0.2564.79 Safari/537.36"
[Thu, 21 Jan 2016 12:46:41 GMT] "[36mGET[39m [36m/js/scrollReveal.js[39m" "Mozilla/5.0 (X11; Linux x86_64) AppleWebKit/537.36 (KHTML, like Gecko) Chrome/48.0.2564.79 Safari/537.36"
[Thu, 21 Jan 2016 12:46:41 GMT] "[36mGET[39m [36m/js/settings.js[39m" "Mozilla/5.0 (X11; Linux x86_64) AppleWebKit/537.36 (KHTML, like Gecko) Chrome/48.0.2564.79 Safari/537.36"
[Thu, 21 Jan 2016 12:46:41 GMT] "[36mGET[39m [36m/images/logo.png[39m" "Mozilla/5.0 (X11; Linux x86_64) AppleWebKit/537.36 (KHTML, like Gecko) Chrome/48.0.2564.79 Safari/537.36"
[Thu, 21 Jan 2016 12:46:41 GMT] "[36mGET[39m [36m/images/photos/profiles/matt-robbins.jpg[39m" "Mozilla/5.0 (X11; Linux x86_64) AppleWebKit/537.36 (KHTML, like Gecko) Chrome/48.0.2564.79 Safari/537.36"
[Thu, 21 Jan 2016 12:46:41 GMT] "[36mGET[39m [36m/images/photos/profiles/kelsey-larsen.jpg[39m" "Mozilla/5.0 (X11; Linux x86_64) AppleWebKit/537.36 (KHTML, like Gecko) Chrome/48.0.2564.79 Safari/537.36"
[Thu, 21 Jan 2016 12:46:41 GMT] "[36mGET[39m [36m/images/photos/hero/2014-06-05_16-29-34_00_0.jpg[39m" "Mozilla/5.0 (X11; Linux x86_64) AppleWebKit/537.36 (KHTML, like Gecko) Chrome/48.0.2564.79 Safari/537.36"
[Thu, 21 Jan 2016 12:46:41 GMT] "[36mGET[39m [36m/images/photos/hero/2014-06-07_20-37-51_00_0.jpg[39m" "Mozilla/5.0 (X11; Linux x86_64) AppleWebKit/537.36 (KHTML, like Gecko) Chrome/48.0.2564.79 Safari/537.36"
[Thu, 21 Jan 2016 12:46:41 GMT] "[36mGET[39m [36m/images/photos/hero/2015-08-15_20-00-24_01_0.jpg[39m" "Mozilla/5.0 (X11; Linux x86_64) AppleWebKit/537.36 (KHTML, like Gecko) Chrome/48.0.2564.79 Safari/537.36"
[Thu, 21 Jan 2016 12:46:41 GMT] "[36mGET[39m [36m/images/photos/love-story/weve-met.jpg[39m" "Mozilla/5.0 (X11; Linux x86_64) AppleWebKit/537.36 (KHTML, like Gecko) Chrome/48.0.2564.79 Safari/537.36"
[Thu, 21 Jan 2016 12:46:41 GMT] "[36mGET[39m [36m/images/photos/love-story/were-engaged.jpg[39m" "Mozilla/5.0 (X11; Linux x86_64) AppleWebKit/537.36 (KHTML, like Gecko) Chrome/48.0.2564.79 Safari/537.36"
[Thu, 21 Jan 2016 12:46:41 GMT] "[36mGET[39m [36m/images/photos/profiles/jim-betsy.jpg[39m" "Mozilla/5.0 (X11; Linux x86_64) AppleWebKit/537.36 (KHTML, like Gecko) Chrome/48.0.2564.79 Safari/537.36"
[Thu, 21 Jan 2016 12:46:41 GMT] "[36mGET[39m [36m/images/photos/events/dayton-racquet-club.jpg[39m" "Mozilla/5.0 (X11; Linux x86_64) AppleWebKit/537.36 (KHTML, like Gecko) Chrome/48.0.2564.79 Safari/537.36"
[Thu, 21 Jan 2016 12:46:41 GMT] "[36mGET[39m [36m/images/photos/events/normandy-church.jpg[39m" "Mozilla/5.0 (X11; Linux x86_64) AppleWebKit/537.36 (KHTML, like Gecko) Chrome/48.0.2564.79 Safari/537.36"
[Thu, 21 Jan 2016 12:46:41 GMT] "[36mGET[39m [36m/images/photos/accomodations/crowne-plaza.png[39m" "Mozilla/5.0 (X11; Linux x86_64) AppleWebKit/537.36 (KHTML, like Gecko) Chrome/48.0.2564.79 Safari/537.36"
[Thu, 21 Jan 2016 12:46:41 GMT] "[36mGET[39m [36m/images/photos/accomodations/airbnb.png[39m" "Mozilla/5.0 (X11; Linux x86_64) AppleWebKit/537.36 (KHTML, like Gecko) Chrome/48.0.2564.79 Safari/537.36"
[31mhttp-server stopped.[39m
